18:26:57.016 [main] DEBUG - Parsing relationship: /xl/_rels/workbook.xml.rels
18:26:57.029 [main] DEBUG - Parsing relationship: /xl/worksheets/_rels/sheet1.xml.rels
18:26:57.034 [main] DEBUG - Parsing relationship: /_rels/.rels
18:26:57.359 [main] TRACE - Loading type system org.apache.poi.schemas.ooxml.system.ooxml
18:26:57.364 [main] TRACE - Loading type system org.apache.xmlbeans.metadata.system.sXMLCONFIG
18:26:57.364 [main] TRACE - Loading type system org.apache.xmlbeans.metadata.system.sXMLLANG
18:26:57.365 [main] TRACE - Loading type system org.apache.xmlbeans.metadata.system.sXMLSCHEMA
18:26:57.365 [main] TRACE - Loading type system org.apache.xmlbeans.metadata.system.sXMLTOOLS
18:26:57.367 [main] TRACE - Reading unresolved handles for type system org.apache.xmlbeans.metadata.system.sXMLTOOLS
18:26:57.384 [main] TRACE - Finished loading type system org.apache.xmlbeans.metadata.system.sXMLTOOLS
18:26:57.386 [main] TRACE - Reading unresolved handles for type system org.apache.xmlbeans.metadata.system.sXMLSCHEMA
18:26:57.399 [main] TRACE - Finished loading type system org.apache.xmlbeans.metadata.system.sXMLSCHEMA
18:26:57.401 [main] TRACE - Reading unresolved handles for type system org.apache.xmlbeans.metadata.system.sXMLLANG
18:26:57.402 [main] TRACE - Finished loading type system org.apache.xmlbeans.metadata.system.sXMLLANG
18:26:57.403 [main] TRACE - Reading unresolved handles for type system org.apache.xmlbeans.metadata.system.sXMLCONFIG
18:26:57.404 [main] TRACE - Finished loading type system org.apache.xmlbeans.metadata.system.sXMLCONFIG
18:26:57.405 [main] TRACE - Reading unresolved handles for type system org.apache.poi.schemas.ooxml.system.ooxml
18:26:57.467 [main] TRACE - Finished loading type system org.apache.poi.schemas.ooxml.system.ooxml
18:26:57.468 [main] TRACE - Resolving type for handle themefd26doctype
18:26:57.588 [main] TRACE - Resolving type for handle stylesheet5d8bdoctype
18:26:57.599 [main] TRACE - Resolving type for handle ctstylesheet4257type
18:26:57.607 [main] TRACE - Resolving type for handle ctfonts6623type
18:26:57.612 [main] TRACE - Resolving type for handle ctfont14d8type
18:26:57.619 [main] TRACE - Resolving type for handle ctfills2c6ftype
18:26:57.622 [main] TRACE - Resolving type for handle ctfill550ctype
18:26:57.625 [main] TRACE - Resolving type for handle ctborders0d66type
18:26:57.630 [main] TRACE - Resolving type for handle ctborderf935type
18:26:57.634 [main] TRACE - Resolving type for handle ctcellxfs1322type
18:26:57.638 [main] TRACE - Resolving type for handle ctxf97f7type
18:26:57.642 [main] TRACE - Resolving type for handle ctcellstylexfsa81ftype
18:26:57.646 [main] TRACE - Resolving type for handle ctdxfsb26atype
18:26:57.650 [main] TRACE - Resolving type for handle cttablestyles872ftype
18:26:57.656 [main] TRACE - Resolving type for handle sstf81fdoctype
18:26:57.663 [main] TRACE - Resolving type for handle ctsst44f3type
18:26:57.675 [main] TRACE - Resolving type for handle ctrsta472type
18:26:57.703 [main] DEBUG - using default POIXMLDocumentPart for http://schemas.openxmlformats.org/officeDocument/2006/relationships/printerSettings
18:26:57.705 [main] TRACE - Resolving type for handle workbookec17doctype
18:26:57.713 [main] TRACE - Resolving type for handle ctworkbook83c3type
18:26:57.723 [main] TRACE - Resolving type for handle ctsheets49fdtype
18:26:57.727 [main] TRACE - Resolving type for handle ctsheet4dbetype
18:26:57.731 [main] TRACE - Resolving type for handle strelationshipid1e94type
18:26:57.735 [main] TRACE - Resolving type for handle worksheetf539doctype
18:26:57.744 [main] TRACE - Resolving type for handle ctworksheet530dtype
18:26:57.759 [main] TRACE - Resolving type for handle ctsheetdata8408type
18:26:57.764 [main] TRACE - Resolving type for handle ctrowdd39type
18:26:57.771 [main] TRACE - Resolving type for handle ctcell842btype
18:26:57.781 [main] TRACE - Resolving type for handle stcellrefe4e0type
18:26:57.796 [main] TRACE - Resolving type for handle ctcols627ctype
18:26:57.805 [main] TRACE - Resolving type for handle ctcola95ftype
18:26:57.833 [main] TRACE - Resolving type for handle cthyperlinks6416type
18:26:57.837 [main] TRACE - Resolving type for handle cthyperlink0c85type
18:26:57.849 [main] TRACE - Resolving type for handle stxstringf179type
18:26:57.854 [main] TRACE - Resolving type for handle stcelltypebf95type
18:27:15.548 [main] DEBUG - Parsing relationship: /xl/_rels/workbook.xml.rels
18:27:15.550 [main] DEBUG - Parsing relationship: /xl/worksheets/_rels/sheet1.xml.rels
18:27:15.554 [main] DEBUG - Parsing relationship: /_rels/.rels
18:27:15.606 [main] DEBUG - using default POIXMLDocumentPart for http://schemas.openxmlformats.org/officeDocument/2006/relationships/printerSettings
18:27:33.493 [main] DEBUG - Parsing relationship: /xl/_rels/workbook.xml.rels
18:27:33.495 [main] DEBUG - Parsing relationship: /xl/worksheets/_rels/sheet1.xml.rels
18:27:33.498 [main] DEBUG - Parsing relationship: /_rels/.rels
18:27:33.530 [main] DEBUG - using default POIXMLDocumentPart for http://schemas.openxmlformats.org/officeDocument/2006/relationships/printerSettings
19:39:29.529 [main] DEBUG - Parsing relationship: /xl/_rels/workbook.xml.rels
19:39:29.536 [main] DEBUG - Parsing relationship: /xl/worksheets/_rels/sheet1.xml.rels
19:39:29.539 [main] DEBUG - Parsing relationship: /_rels/.rels
19:39:29.780 [main] TRACE - Loading type system org.apache.poi.schemas.ooxml.system.ooxml
19:39:29.783 [main] TRACE - Loading type system org.apache.xmlbeans.metadata.system.sXMLCONFIG
19:39:29.784 [main] TRACE - Loading type system org.apache.xmlbeans.metadata.system.sXMLLANG
19:39:29.784 [main] TRACE - Loading type system org.apache.xmlbeans.metadata.system.sXMLSCHEMA
19:39:29.785 [main] TRACE - Loading type system org.apache.xmlbeans.metadata.system.sXMLTOOLS
19:39:29.787 [main] TRACE - Reading unresolved handles for type system org.apache.xmlbeans.metadata.system.sXMLTOOLS
19:39:29.806 [main] TRACE - Finished loading type system org.apache.xmlbeans.metadata.system.sXMLTOOLS
19:39:29.807 [main] TRACE - Reading unresolved handles for type system org.apache.xmlbeans.metadata.system.sXMLSCHEMA
19:39:29.819 [main] TRACE - Finished loading type system org.apache.xmlbeans.metadata.system.sXMLSCHEMA
19:39:29.821 [main] TRACE - Reading unresolved handles for type system org.apache.xmlbeans.metadata.system.sXMLLANG
19:39:29.822 [main] TRACE - Finished loading type system org.apache.xmlbeans.metadata.system.sXMLLANG
19:39:29.824 [main] TRACE - Reading unresolved handles for type system org.apache.xmlbeans.metadata.system.sXMLCONFIG
19:39:29.826 [main] TRACE - Finished loading type system org.apache.xmlbeans.metadata.system.sXMLCONFIG
19:39:29.827 [main] TRACE - Reading unresolved handles for type system org.apache.poi.schemas.ooxml.system.ooxml
19:39:29.909 [main] TRACE - Finished loading type system org.apache.poi.schemas.ooxml.system.ooxml
19:39:29.910 [main] TRACE - Resolving type for handle themefd26doctype
19:39:30.020 [main] TRACE - Resolving type for handle stylesheet5d8bdoctype
19:39:30.031 [main] TRACE - Resolving type for handle ctstylesheet4257type
19:39:30.037 [main] TRACE - Resolving type for handle ctfonts6623type
19:39:30.042 [main] TRACE - Resolving type for handle ctfont14d8type
19:39:30.056 [main] TRACE - Resolving type for handle ctfills2c6ftype
19:39:30.060 [main] TRACE - Resolving type for handle ctfill550ctype
19:39:30.063 [main] TRACE - Resolving type for handle ctborders0d66type
19:39:30.068 [main] TRACE - Resolving type for handle ctborderf935type
19:39:30.074 [main] TRACE - Resolving type for handle ctcellxfs1322type
19:39:30.079 [main] TRACE - Resolving type for handle ctxf97f7type
19:39:30.085 [main] TRACE - Resolving type for handle ctcellstylexfsa81ftype
19:39:30.089 [main] TRACE - Resolving type for handle ctdxfsb26atype
19:39:30.093 [main] TRACE - Resolving type for handle cttablestyles872ftype
19:39:30.100 [main] TRACE - Resolving type for handle sstf81fdoctype
19:39:30.109 [main] TRACE - Resolving type for handle ctsst44f3type
19:39:30.126 [main] TRACE - Resolving type for handle ctrsta472type
19:39:30.156 [main] DEBUG - using default POIXMLDocumentPart for http://schemas.openxmlformats.org/officeDocument/2006/relationships/printerSettings
19:39:30.158 [main] TRACE - Resolving type for handle workbookec17doctype
19:39:30.166 [main] TRACE - Resolving type for handle ctworkbook83c3type
19:39:30.177 [main] TRACE - Resolving type for handle ctsheets49fdtype
19:39:30.180 [main] TRACE - Resolving type for handle ctsheet4dbetype
19:39:30.184 [main] TRACE - Resolving type for handle strelationshipid1e94type
19:39:30.188 [main] TRACE - Resolving type for handle worksheetf539doctype
19:39:30.198 [main] TRACE - Resolving type for handle ctworksheet530dtype
19:39:30.211 [main] TRACE - Resolving type for handle ctsheetdata8408type
19:39:30.215 [main] TRACE - Resolving type for handle ctrowdd39type
19:39:30.223 [main] TRACE - Resolving type for handle ctcell842btype
19:39:30.233 [main] TRACE - Resolving type for handle stcellrefe4e0type
19:39:30.248 [main] TRACE - Resolving type for handle ctcols627ctype
19:39:30.258 [main] TRACE - Resolving type for handle ctcola95ftype
19:39:30.289 [main] TRACE - Resolving type for handle cthyperlinks6416type
19:39:30.293 [main] TRACE - Resolving type for handle cthyperlink0c85type
19:39:30.307 [main] TRACE - Resolving type for handle stxstringf179type
19:39:30.310 [main] TRACE - Resolving type for handle stcelltypebf95type
19:39:41.680 [main] DEBUG - Parsing relationship: /xl/_rels/workbook.xml.rels
19:39:41.686 [main] DEBUG - Parsing relationship: /xl/worksheets/_rels/sheet1.xml.rels
19:39:41.692 [main] DEBUG - Parsing relationship: /_rels/.rels
19:39:41.733 [main] DEBUG - using default POIXMLDocumentPart for http://schemas.openxmlformats.org/officeDocument/2006/relationships/printerSettings
19:42:48.381 [main] DEBUG - Parsing relationship: /xl/_rels/workbook.xml.rels
19:42:48.391 [main] DEBUG - Parsing relationship: /xl/worksheets/_rels/sheet1.xml.rels
19:42:48.395 [main] DEBUG - Parsing relationship: /_rels/.rels
19:42:48.728 [main] TRACE - Loading type system org.apache.poi.schemas.ooxml.system.ooxml
19:42:48.734 [main] TRACE - Loading type system org.apache.xmlbeans.metadata.system.sXMLCONFIG
19:42:48.735 [main] TRACE - Loading type system org.apache.xmlbeans.metadata.system.sXMLLANG
19:42:48.736 [main] TRACE - Loading type system org.apache.xmlbeans.metadata.system.sXMLSCHEMA
19:42:48.737 [main] TRACE - Loading type system org.apache.xmlbeans.metadata.system.sXMLTOOLS
19:42:48.739 [main] TRACE - Reading unresolved handles for type system org.apache.xmlbeans.metadata.system.sXMLTOOLS
19:42:48.766 [main] TRACE - Finished loading type system org.apache.xmlbeans.metadata.system.sXMLTOOLS
19:42:48.768 [main] TRACE - Reading unresolved handles for type system org.apache.xmlbeans.metadata.system.sXMLSCHEMA
19:42:48.778 [main] TRACE - Finished loading type system org.apache.xmlbeans.metadata.system.sXMLSCHEMA
19:42:48.783 [main] TRACE - Reading unresolved handles for type system org.apache.xmlbeans.metadata.system.sXMLLANG
19:42:48.785 [main] TRACE - Finished loading type system org.apache.xmlbeans.metadata.system.sXMLLANG
19:42:48.787 [main] TRACE - Reading unresolved handles for type system org.apache.xmlbeans.metadata.system.sXMLCONFIG
19:42:48.788 [main] TRACE - Finished loading type system org.apache.xmlbeans.metadata.system.sXMLCONFIG
19:42:48.790 [main] TRACE - Reading unresolved handles for type system org.apache.poi.schemas.ooxml.system.ooxml
19:42:48.871 [main] TRACE - Finished loading type system org.apache.poi.schemas.ooxml.system.ooxml
19:42:48.872 [main] TRACE - Resolving type for handle themefd26doctype
19:42:48.954 [main] TRACE - Resolving type for handle stylesheet5d8bdoctype
19:42:48.962 [main] TRACE - Resolving type for handle ctstylesheet4257type
19:42:48.969 [main] TRACE - Resolving type for handle ctfonts6623type
19:42:48.979 [main] TRACE - Resolving type for handle ctfont14d8type
19:42:48.989 [main] TRACE - Resolving type for handle ctfills2c6ftype
19:42:48.993 [main] TRACE - Resolving type for handle ctfill550ctype
19:42:48.997 [main] TRACE - Resolving type for handle ctborders0d66type
19:42:49.001 [main] TRACE - Resolving type for handle ctborderf935type
19:42:49.007 [main] TRACE - Resolving type for handle ctcellxfs1322type
19:42:49.012 [main] TRACE - Resolving type for handle ctxf97f7type
19:42:49.016 [main] TRACE - Resolving type for handle ctcellstylexfsa81ftype
19:42:49.020 [main] TRACE - Resolving type for handle ctdxfsb26atype
19:42:49.028 [main] TRACE - Resolving type for handle cttablestyles872ftype
19:42:49.034 [main] TRACE - Resolving type for handle sstf81fdoctype
19:42:49.045 [main] TRACE - Resolving type for handle ctsst44f3type
19:42:49.065 [main] TRACE - Resolving type for handle ctrsta472type
19:42:49.100 [main] DEBUG - using default POIXMLDocumentPart for http://schemas.openxmlformats.org/officeDocument/2006/relationships/printerSettings
19:42:49.102 [main] TRACE - Resolving type for handle workbookec17doctype
19:42:49.109 [main] TRACE - Resolving type for handle ctworkbook83c3type
19:42:49.118 [main] TRACE - Resolving type for handle ctsheets49fdtype
19:42:49.122 [main] TRACE - Resolving type for handle ctsheet4dbetype
19:42:49.125 [main] TRACE - Resolving type for handle strelationshipid1e94type
19:42:49.130 [main] TRACE - Resolving type for handle worksheetf539doctype
19:42:49.141 [main] TRACE - Resolving type for handle ctworksheet530dtype
19:42:49.151 [main] TRACE - Resolving type for handle ctsheetdata8408type
19:42:49.155 [main] TRACE - Resolving type for handle ctrowdd39type
19:42:49.163 [main] TRACE - Resolving type for handle ctcell842btype
19:42:49.174 [main] TRACE - Resolving type for handle stcellrefe4e0type
19:42:49.186 [main] TRACE - Resolving type for handle ctcols627ctype
19:42:49.194 [main] TRACE - Resolving type for handle ctcola95ftype
19:42:49.224 [main] TRACE - Resolving type for handle cthyperlinks6416type
19:42:49.231 [main] TRACE - Resolving type for handle cthyperlink0c85type
19:42:49.246 [main] TRACE - Resolving type for handle stxstringf179type
19:42:49.250 [main] TRACE - Resolving type for handle stcelltypebf95type
19:44:26.220 [main] DEBUG - Parsing relationship: /xl/_rels/workbook.xml.rels
19:44:26.228 [main] DEBUG - Parsing relationship: /xl/worksheets/_rels/sheet1.xml.rels
19:44:26.231 [main] DEBUG - Parsing relationship: /_rels/.rels
19:44:26.490 [main] TRACE - Loading type system org.apache.poi.schemas.ooxml.system.ooxml
19:44:26.495 [main] TRACE - Loading type system org.apache.xmlbeans.metadata.system.sXMLCONFIG
19:44:26.495 [main] TRACE - Loading type system org.apache.xmlbeans.metadata.system.sXMLLANG
19:44:26.496 [main] TRACE - Loading type system org.apache.xmlbeans.metadata.system.sXMLSCHEMA
19:44:26.497 [main] TRACE - Loading type system org.apache.xmlbeans.metadata.system.sXMLTOOLS
19:44:26.500 [main] TRACE - Reading unresolved handles for type system org.apache.xmlbeans.metadata.system.sXMLTOOLS
19:44:26.520 [main] TRACE - Finished loading type system org.apache.xmlbeans.metadata.system.sXMLTOOLS
19:44:26.521 [main] TRACE - Reading unresolved handles for type system org.apache.xmlbeans.metadata.system.sXMLSCHEMA
19:44:26.535 [main] TRACE - Finished loading type system org.apache.xmlbeans.metadata.system.sXMLSCHEMA
19:44:26.538 [main] TRACE - Reading unresolved handles for type system org.apache.xmlbeans.metadata.system.sXMLLANG
19:44:26.539 [main] TRACE - Finished loading type system org.apache.xmlbeans.metadata.system.sXMLLANG
19:44:26.541 [main] TRACE - Reading unresolved handles for type system org.apache.xmlbeans.metadata.system.sXMLCONFIG
19:44:26.543 [main] TRACE - Finished loading type system org.apache.xmlbeans.metadata.system.sXMLCONFIG
19:44:26.544 [main] TRACE - Reading unresolved handles for type system org.apache.poi.schemas.ooxml.system.ooxml
19:44:26.629 [main] TRACE - Finished loading type system org.apache.poi.schemas.ooxml.system.ooxml
19:44:26.630 [main] TRACE - Resolving type for handle themefd26doctype
19:44:26.776 [main] TRACE - Resolving type for handle stylesheet5d8bdoctype
19:44:26.787 [main] TRACE - Resolving type for handle ctstylesheet4257type
19:44:26.794 [main] TRACE - Resolving type for handle ctfonts6623type
19:44:26.800 [main] TRACE - Resolving type for handle ctfont14d8type
19:44:26.809 [main] TRACE - Resolving type for handle ctfills2c6ftype
19:44:26.813 [main] TRACE - Resolving type for handle ctfill550ctype
19:44:26.818 [main] TRACE - Resolving type for handle ctborders0d66type
19:44:26.823 [main] TRACE - Resolving type for handle ctborderf935type
19:44:26.829 [main] TRACE - Resolving type for handle ctcellxfs1322type
19:44:26.834 [main] TRACE - Resolving type for handle ctxf97f7type
19:44:26.839 [main] TRACE - Resolving type for handle ctcellstylexfsa81ftype
19:44:26.843 [main] TRACE - Resolving type for handle ctdxfsb26atype
19:44:26.847 [main] TRACE - Resolving type for handle cttablestyles872ftype
19:44:26.853 [main] TRACE - Resolving type for handle sstf81fdoctype
19:44:26.860 [main] TRACE - Resolving type for handle ctsst44f3type
19:44:26.884 [main] TRACE - Resolving type for handle ctrsta472type
19:44:26.926 [main] DEBUG - using default POIXMLDocumentPart for http://schemas.openxmlformats.org/officeDocument/2006/relationships/printerSettings
19:44:26.928 [main] TRACE - Resolving type for handle workbookec17doctype
19:44:26.935 [main] TRACE - Resolving type for handle ctworkbook83c3type
19:44:26.943 [main] TRACE - Resolving type for handle ctsheets49fdtype
19:44:26.946 [main] TRACE - Resolving type for handle ctsheet4dbetype
19:44:26.949 [main] TRACE - Resolving type for handle strelationshipid1e94type
19:44:26.953 [main] TRACE - Resolving type for handle worksheetf539doctype
19:44:26.964 [main] TRACE - Resolving type for handle ctworksheet530dtype
19:44:26.976 [main] TRACE - Resolving type for handle ctsheetdata8408type
19:44:26.981 [main] TRACE - Resolving type for handle ctrowdd39type
19:44:26.990 [main] TRACE - Resolving type for handle ctcell842btype
19:44:27.005 [main] TRACE - Resolving type for handle stcellrefe4e0type
19:44:27.022 [main] TRACE - Resolving type for handle ctcols627ctype
19:44:27.030 [main] TRACE - Resolving type for handle ctcola95ftype
19:44:27.062 [main] TRACE - Resolving type for handle cthyperlinks6416type
19:44:27.067 [main] TRACE - Resolving type for handle cthyperlink0c85type
19:44:27.080 [main] TRACE - Resolving type for handle stxstringf179type
19:44:27.085 [main] TRACE - Resolving type for handle stcelltypebf95type
19:44:43.064 [main] DEBUG - Parsing relationship: /xl/_rels/workbook.xml.rels
19:44:43.068 [main] DEBUG - Parsing relationship: /xl/worksheets/_rels/sheet1.xml.rels
19:44:43.069 [main] DEBUG - Parsing relationship: /_rels/.rels
19:44:43.096 [main] DEBUG - using default POIXMLDocumentPart for http://schemas.openxmlformats.org/officeDocument/2006/relationships/printerSettings
19:45:47.369 [main] DEBUG - Parsing relationship: /xl/_rels/workbook.xml.rels
19:45:47.378 [main] DEBUG - Parsing relationship: /xl/worksheets/_rels/sheet1.xml.rels
19:45:47.381 [main] DEBUG - Parsing relationship: /_rels/.rels
19:45:47.583 [main] TRACE - Loading type system org.apache.poi.schemas.ooxml.system.ooxml
19:45:47.587 [main] TRACE - Loading type system org.apache.xmlbeans.metadata.system.sXMLCONFIG
19:45:47.588 [main] TRACE - Loading type system org.apache.xmlbeans.metadata.system.sXMLLANG
19:45:47.588 [main] TRACE - Loading type system org.apache.xmlbeans.metadata.system.sXMLSCHEMA
19:45:47.589 [main] TRACE - Loading type system org.apache.xmlbeans.metadata.system.sXMLTOOLS
19:45:47.590 [main] TRACE - Reading unresolved handles for type system org.apache.xmlbeans.metadata.system.sXMLTOOLS
19:45:47.605 [main] TRACE - Finished loading type system org.apache.xmlbeans.metadata.system.sXMLTOOLS
19:45:47.606 [main] TRACE - Reading unresolved handles for type system org.apache.xmlbeans.metadata.system.sXMLSCHEMA
19:45:47.615 [main] TRACE - Finished loading type system org.apache.xmlbeans.metadata.system.sXMLSCHEMA
19:45:47.617 [main] TRACE - Reading unresolved handles for type system org.apache.xmlbeans.metadata.system.sXMLLANG
19:45:47.618 [main] TRACE - Finished loading type system org.apache.xmlbeans.metadata.system.sXMLLANG
19:45:47.619 [main] TRACE - Reading unresolved handles for type system org.apache.xmlbeans.metadata.system.sXMLCONFIG
19:45:47.620 [main] TRACE - Finished loading type system org.apache.xmlbeans.metadata.system.sXMLCONFIG
19:45:47.621 [main] TRACE - Reading unresolved handles for type system org.apache.poi.schemas.ooxml.system.ooxml
19:45:47.689 [main] TRACE - Finished loading type system org.apache.poi.schemas.ooxml.system.ooxml
19:45:47.691 [main] TRACE - Resolving type for handle themefd26doctype
19:45:47.803 [main] TRACE - Resolving type for handle stylesheet5d8bdoctype
19:45:47.813 [main] TRACE - Resolving type for handle ctstylesheet4257type
19:45:47.820 [main] TRACE - Resolving type for handle ctfonts6623type
19:45:47.824 [main] TRACE - Resolving type for handle ctfont14d8type
19:45:47.831 [main] TRACE - Resolving type for handle ctfills2c6ftype
19:45:47.835 [main] TRACE - Resolving type for handle ctfill550ctype
19:45:47.838 [main] TRACE - Resolving type for handle ctborders0d66type
19:45:47.841 [main] TRACE - Resolving type for handle ctborderf935type
19:45:47.847 [main] TRACE - Resolving type for handle ctcellxfs1322type
19:45:47.851 [main] TRACE - Resolving type for handle ctxf97f7type
19:45:47.856 [main] TRACE - Resolving type for handle ctcellstylexfsa81ftype
19:45:47.859 [main] TRACE - Resolving type for handle ctdxfsb26atype
19:45:47.863 [main] TRACE - Resolving type for handle cttablestyles872ftype
19:45:47.870 [main] TRACE - Resolving type for handle sstf81fdoctype
19:45:47.877 [main] TRACE - Resolving type for handle ctsst44f3type
19:45:47.893 [main] TRACE - Resolving type for handle ctrsta472type
19:45:47.921 [main] DEBUG - using default POIXMLDocumentPart for http://schemas.openxmlformats.org/officeDocument/2006/relationships/printerSettings
19:45:47.923 [main] TRACE - Resolving type for handle workbookec17doctype
19:45:47.931 [main] TRACE - Resolving type for handle ctworkbook83c3type
19:45:47.940 [main] TRACE - Resolving type for handle ctsheets49fdtype
19:45:47.943 [main] TRACE - Resolving type for handle ctsheet4dbetype
19:45:47.947 [main] TRACE - Resolving type for handle strelationshipid1e94type
19:45:47.951 [main] TRACE - Resolving type for handle worksheetf539doctype
19:45:47.963 [main] TRACE - Resolving type for handle ctworksheet530dtype
19:45:47.976 [main] TRACE - Resolving type for handle ctsheetdata8408type
19:45:47.981 [main] TRACE - Resolving type for handle ctrowdd39type
19:45:47.988 [main] TRACE - Resolving type for handle ctcell842btype
19:45:47.997 [main] TRACE - Resolving type for handle stcellrefe4e0type
19:45:48.009 [main] TRACE - Resolving type for handle ctcols627ctype
19:45:48.016 [main] TRACE - Resolving type for handle ctcola95ftype
19:45:48.043 [main] TRACE - Resolving type for handle cthyperlinks6416type
19:45:48.048 [main] TRACE - Resolving type for handle cthyperlink0c85type
19:45:48.064 [main] TRACE - Resolving type for handle stxstringf179type
19:45:48.068 [main] TRACE - Resolving type for handle stcelltypebf95type
19:46:18.879 [main] DEBUG - Parsing relationship: /xl/_rels/workbook.xml.rels
19:46:18.882 [main] DEBUG - Parsing relationship: /xl/worksheets/_rels/sheet1.xml.rels
19:46:18.885 [main] DEBUG - Parsing relationship: /_rels/.rels
19:46:18.924 [main] DEBUG - using default POIXMLDocumentPart for http://schemas.openxmlformats.org/officeDocument/2006/relationships/printerSettings
19:46:45.753 [main] DEBUG - Parsing relationship: /xl/_rels/workbook.xml.rels
19:46:45.756 [main] DEBUG - Parsing relationship: /xl/worksheets/_rels/sheet1.xml.rels
19:46:45.762 [main] DEBUG - Parsing relationship: /_rels/.rels
19:46:45.788 [main] DEBUG - using default POIXMLDocumentPart for http://schemas.openxmlformats.org/officeDocument/2006/relationships/printerSettings
19:56:48.854 [main] DEBUG - Parsing relationship: /xl/_rels/workbook.xml.rels
19:56:48.861 [main] DEBUG - Parsing relationship: /xl/worksheets/_rels/sheet1.xml.rels
19:56:48.865 [main] DEBUG - Parsing relationship: /_rels/.rels
19:56:49.141 [main] TRACE - Loading type system org.apache.poi.schemas.ooxml.system.ooxml
19:56:49.145 [main] TRACE - Loading type system org.apache.xmlbeans.metadata.system.sXMLCONFIG
19:56:49.146 [main] TRACE - Loading type system org.apache.xmlbeans.metadata.system.sXMLLANG
19:56:49.147 [main] TRACE - Loading type system org.apache.xmlbeans.metadata.system.sXMLSCHEMA
19:56:49.148 [main] TRACE - Loading type system org.apache.xmlbeans.metadata.system.sXMLTOOLS
19:56:49.154 [main] TRACE - Reading unresolved handles for type system org.apache.xmlbeans.metadata.system.sXMLTOOLS
19:56:49.174 [main] TRACE - Finished loading type system org.apache.xmlbeans.metadata.system.sXMLTOOLS
19:56:49.175 [main] TRACE - Reading unresolved handles for type system org.apache.xmlbeans.metadata.system.sXMLSCHEMA
19:56:49.186 [main] TRACE - Finished loading type system org.apache.xmlbeans.metadata.system.sXMLSCHEMA
19:56:49.188 [main] TRACE - Reading unresolved handles for type system org.apache.xmlbeans.metadata.system.sXMLLANG
19:56:49.188 [main] TRACE - Finished loading type system org.apache.xmlbeans.metadata.system.sXMLLANG
19:56:49.190 [main] TRACE - Reading unresolved handles for type system org.apache.xmlbeans.metadata.system.sXMLCONFIG
19:56:49.192 [main] TRACE - Finished loading type system org.apache.xmlbeans.metadata.system.sXMLCONFIG
19:56:49.194 [main] TRACE - Reading unresolved handles for type system org.apache.poi.schemas.ooxml.system.ooxml
19:56:49.281 [main] TRACE - Finished loading type system org.apache.poi.schemas.ooxml.system.ooxml
19:56:49.286 [main] TRACE - Resolving type for handle themefd26doctype
19:56:49.475 [main] TRACE - Resolving type for handle stylesheet5d8bdoctype
19:56:49.497 [main] TRACE - Resolving type for handle ctstylesheet4257type
19:56:49.513 [main] TRACE - Resolving type for handle ctfonts6623type
19:56:49.522 [main] TRACE - Resolving type for handle ctfont14d8type
19:56:49.537 [main] TRACE - Resolving type for handle ctfills2c6ftype
19:56:49.546 [main] TRACE - Resolving type for handle ctfill550ctype
19:56:49.555 [main] TRACE - Resolving type for handle ctborders0d66type
19:56:49.563 [main] TRACE - Resolving type for handle ctborderf935type
19:56:49.575 [main] TRACE - Resolving type for handle ctcellxfs1322type
19:56:49.583 [main] TRACE - Resolving type for handle ctxf97f7type
19:56:49.590 [main] TRACE - Resolving type for handle ctcellstylexfsa81ftype
19:56:49.597 [main] TRACE - Resolving type for handle ctdxfsb26atype
19:56:49.625 [main] TRACE - Resolving type for handle cttablestyles872ftype
19:56:49.645 [main] TRACE - Resolving type for handle sstf81fdoctype
19:56:49.663 [main] TRACE - Resolving type for handle ctsst44f3type
19:56:49.705 [main] TRACE - Resolving type for handle ctrsta472type
19:56:49.772 [main] DEBUG - using default POIXMLDocumentPart for http://schemas.openxmlformats.org/officeDocument/2006/relationships/printerSettings
19:56:49.775 [main] TRACE - Resolving type for handle workbookec17doctype
19:56:49.791 [main] TRACE - Resolving type for handle ctworkbook83c3type
19:56:49.798 [main] TRACE - Resolving type for handle ctsheets49fdtype
19:56:49.809 [main] TRACE - Resolving type for handle ctsheet4dbetype
19:56:49.813 [main] TRACE - Resolving type for handle strelationshipid1e94type
19:56:49.823 [main] TRACE - Resolving type for handle worksheetf539doctype
19:56:49.843 [main] TRACE - Resolving type for handle ctworksheet530dtype
19:56:49.862 [main] TRACE - Resolving type for handle ctsheetdata8408type
19:56:49.873 [main] TRACE - Resolving type for handle ctrowdd39type
19:56:49.880 [main] TRACE - Resolving type for handle ctcell842btype
19:56:49.896 [main] TRACE - Resolving type for handle stcellrefe4e0type
19:56:49.915 [main] TRACE - Resolving type for handle ctcols627ctype
19:56:49.931 [main] TRACE - Resolving type for handle ctcola95ftype
19:56:49.994 [main] TRACE - Resolving type for handle cthyperlinks6416type
19:56:50.002 [main] TRACE - Resolving type for handle cthyperlink0c85type
19:56:50.015 [main] TRACE - Resolving type for handle stxstringf179type
19:56:50.027 [main] TRACE - Resolving type for handle stcelltypebf95type
19:57:24.003 [main] DEBUG - Parsing relationship: /xl/_rels/workbook.xml.rels
19:57:24.006 [main] DEBUG - Parsing relationship: /xl/worksheets/_rels/sheet1.xml.rels
19:57:24.015 [main] DEBUG - Parsing relationship: /_rels/.rels
19:57:24.077 [main] DEBUG - using default POIXMLDocumentPart for http://schemas.openxmlformats.org/officeDocument/2006/relationships/printerSettings
